<?xml version="1.0" encoding="UTF-8"?>
<!-- Generated by org.testng.reporters.JUnitReportReporter -->
<testsuite hostname="MacBook-Pro-de-javier.local" failures="0" tests="1" name="prueba.NewTestSel" time="20.211" errors="0" timestamp="2023-07-03T18:25:02 CST" skipped="0">
  <testcase classname="prueba.NewTestSel" name="testSel" time="20.211"/>
</testsuite> <!-- prueba.NewTestSel -->
